# JRE version: OpenJDK Runtime Environment Corretto-21.0.4.7.1 (21.0.4+7) (build 21.0.4+7-LTS)
# Java VM: OpenJDK 64-Bit Server VM Corretto-21.0.4.7.1 (21.0.4+7-LTS, mixed mode, sharing, tiered, compressed oops, compressed class ptrs, g1 gc, windows-amd64)
GC Precious Log:
 CardTable entry size: 512
 Card Set container configuration: InlinePtr #cards 4 size 8 Array Of Cards #cards 16 size 48 Howl #buckets 8 coarsen threshold 3686 Howl Bitmap #cards 512 size 80 coarsen threshold 460 Card regions per heap region 1 cards per card region 4096
 CPUs: 4 total, 4 available
 Memory: 12286M
 Large Page Support: Disabled
 NUMA Support: Disabled
 Compressed Oops: Enabled (Zero based)
 Heap Region Size: 2M
 Heap Min Capacity: 8M
 Heap Initial Capacity: 192M
 Heap Max Capacity: 3G
 Pre-touch: Disabled
 Parallel Workers: 4
 Concurrent Workers: 1
 Concurrent Refinement Workers: 4
 Periodic GC: Disabled
Heap:
 garbage-first heap   total 88064K, used 54684K [0x0000000740000000, 0x0000000800000000)
  region size 2048K, 8 young (16384K), 1 survivors (2048K)
 Metaspace       used 88103K, committed 88768K, reserved 1179648K
  class space    used 11631K, committed 11968K, reserved 1048576K
GC Heap History (20 events):
Event: 17939.524 GC heap before
{Heap before GC invocations=47 (full 0):
 garbage-first heap   total 88064K, used 77863K [0x0000000740000000, 0x0000000800000000)
  region size 2048K, 18 young (36864K), 1 survivors (2048K)
 Metaspace       used 87903K, committed 88576K, reserved 1179648K
  class space    used 11626K, committed 11968K, reserved 1048576K
}
Event: 17939.530 GC heap after
{Heap after GC invocations=48 (full 0):
 garbage-first heap   total 88064K, used 42989K [0x0000000740000000, 0x0000000800000000)
  region size 2048K, 1 young (2048K), 1 survivors (2048K)
 Metaspace       used 87903K, committed 88576K, reserved 1179648K
  class space    used 11626K, committed 11968K, reserved 1048576K
}
Event: 19526.564 GC heap before
{Heap before GC invocations=49 (full 0):
 garbage-first heap   total 88064K, used 77805K [0x0000000740000000, 0x0000000800000000)
  region size 2048K, 18 young (36864K), 1 survivors (2048K)
 Metaspace       used 87917K, committed 88576K, reserved 1179648K
  class space    used 11626K, committed 11968K, reserved 1048576K
}
Event: 19526.568 GC heap after
{Heap after GC invocations=50 (full 0):
 garbage-first heap   total 88064K, used 42937K [0x0000000740000000, 0x0000000800000000)
  region size 2048K, 1 young (2048K), 1 survivors (2048K)
 Metaspace       used 87917K, committed 88576K, reserved 1179648K
  class space    used 11626K, committed 11968K, reserved 1048576K
}
Event: 21093.884 GC heap before
{Heap before GC invocations=50 (full 0):
 garbage-first heap   total 88064K, used 77753K [0x0000000740000000, 0x0000000800000000)
  region size 2048K, 18 young (36864K), 1 survivors (2048K)
 Metaspace       used 87933K, committed 88640K, reserved 1179648K
  class space    used 11626K, committed 11968K, reserved 1048576K
}
Event: 21093.898 GC heap after
{Heap after GC invocations=51 (full 0):
 garbage-first heap   total 88064K, used 42575K [0x0000000740000000, 0x0000000800000000)
  region size 2048K, 1 young (2048K), 1 survivors (2048K)
 Metaspace       used 87933K, committed 88640K, reserved 1179648K
  class space    used 11626K, committed 11968K, reserved 1048576K
}
Event: 22671.064 GC heap before
{Heap before GC invocations=51 (full 0):
 garbage-first heap   total 88064K, used 79439K [0x0000000740000000, 0x0000000800000000)
  region size 2048K, 19 young (38912K), 1 survivors (2048K)
 Metaspace       used 88000K, committed 88640K, reserved 1179648K
  class space    used 11630K, committed 11968K, reserved 1048576K
}
Event: 22671.074 GC heap after
{Heap after GC invocations=52 (full 0):
 garbage-first heap   total 88064K, used 42860K [0x0000000740000000, 0x0000000800000000)
  region size 2048K, 1 young (2048K), 1 survivors (2048K)
 Metaspace       used 88000K, committed 88640K, reserved 1179648K
  class space    used 11630K, committed 11968K, reserved 1048576K
}
Event: 24166.610 GC heap before
{Heap before GC invocations=53 (full 0):
 garbage-first heap   total 88064K, used 77676K [0x0000000740000000, 0x0000000800000000)
  region size 2048K, 18 young (36864K), 1 survivors (2048K)
 Metaspace       used 88011K, committed 88640K, reserved 1179648K
  class space    used 11630K, committed 11968K, reserved 1048576K
}
Event: 24166.615 GC heap after
{Heap after GC invocations=54 (full 0):
 garbage-first heap   total 88064K, used 42912K [0x0000000740000000, 0x0000000800000000)
  region size 2048K, 1 young (2048K), 1 survivors (2048K)
 Metaspace       used 88011K, committed 88640K, reserved 1179648K
  class space    used 11630K, committed 11968K, reserved 1048576K
}
Event: 25647.842 GC heap before
{Heap before GC invocations=54 (full 0):
 garbage-first heap   total 88064K, used 77728K [0x0000000740000000, 0x0000000800000000)
  region size 2048K, 18 young (36864K), 1 survivors (2048K)
 Metaspace       used 88019K, committed 88640K, reserved 1179648K
  class space    used 11630K, committed 11968K, reserved 1048576K
}
Event: 25647.852 GC heap after
{Heap after GC invocations=55 (full 0):
 garbage-first heap   total 88064K, used 42642K [0x0000000740000000, 0x0000000800000000)
  region size 2048K, 1 young (2048K), 1 survivors (2048K)
 Metaspace       used 88019K, committed 88640K, reserved 1179648K
  class space    used 11630K, committed 11968K, reserved 1048576K
}
Event: 27233.501 GC heap before
{Heap before GC invocations=55 (full 0):
 garbage-first heap   total 88064K, used 79506K [0x0000000740000000, 0x0000000800000000)
  region size 2048K, 19 young (38912K), 1 survivors (2048K)
 Metaspace       used 88023K, committed 88704K, reserved 1179648K
  class space    used 11630K, committed 11968K, reserved 1048576K
}
Event: 27233.508 GC heap after
{Heap after GC invocations=56 (full 0):
 garbage-first heap   total 88064K, used 42792K [0x0000000740000000, 0x0000000800000000)
  region size 2048K, 1 young (2048K), 1 survivors (2048K)
 Metaspace       used 88023K, committed 88704K, reserved 1179648K
  class space    used 11630K, committed 11968K, reserved 1048576K
}
Event: 28828.251 GC heap before
{Heap before GC invocations=57 (full 0):
 garbage-first heap   total 88064K, used 79656K [0x0000000740000000, 0x0000000800000000)
  region size 2048K, 19 young (38912K), 1 survivors (2048K)
 Metaspace       used 88034K, committed 88704K, reserved 1179648K
  class space    used 11630K, committed 11968K, reserved 1048576K
}
Event: 28828.259 GC heap after
{Heap after GC invocations=58 (full 0):
 garbage-first heap   total 88064K, used 42808K [0x0000000740000000, 0x0000000800000000)
  region size 2048K, 1 young (2048K), 1 survivors (2048K)
 Metaspace       used 88034K, committed 88704K, reserved 1179648K
  class space    used 11630K, committed 11968K, reserved 1048576K
}
Event: 30299.249 GC heap before
{Heap before GC invocations=58 (full 0):
 garbage-first heap   total 88064K, used 77624K [0x0000000740000000, 0x0000000800000000)
  region size 2048K, 18 young (36864K), 1 survivors (2048K)
 Metaspace       used 88059K, committed 88704K, reserved 1179648K
  class space    used 11630K, committed 11968K, reserved 1048576K
}
Event: 30299.308 GC heap after
{Heap after GC invocations=59 (full 0):
 garbage-first heap   total 88064K, used 42337K [0x0000000740000000, 0x0000000800000000)
  region size 2048K, 1 young (2048K), 1 survivors (2048K)
 Metaspace       used 88059K, committed 88704K, reserved 1179648K
  class space    used 11630K, committed 11968K, reserved 1048576K
}
Event: 32000.380 GC heap before
{Heap before GC invocations=59 (full 0):
 garbage-first heap   total 88064K, used 79201K [0x0000000740000000, 0x0000000800000000)
  region size 2048K, 19 young (38912K), 1 survivors (2048K)
 Metaspace       used 88063K, committed 88704K, reserved 1179648K
  class space    used 11630K, committed 11968K, reserved 1048576K
}
Event: 32000.404 GC heap after
{Heap after GC invocations=60 (full 0):
 garbage-first heap   total 88064K, used 42396K [0x0000000740000000, 0x0000000800000000)
  region size 2048K, 1 young (2048K), 1 survivors (2048K)
 Metaspace       used 88063K, committed 88704K, reserved 1179648K
  class space    used 11630K, committed 11968K, reserved 1048576K
}

